<?xml version="1.0" encoding="UTF-8"?>
<!-- Generated by org.testng.reporters.JUnitReportReporter -->
<testsuite hostname="LAPTOP-T1I92P3T" failures="0" tests="2" name="com.axess.ai.automation.testcases.TemplatesPageTest" time="126.333" errors="0" timestamp="2022-07-11T17:33:09 IST" skipped="0">
  <testcase classname="com.axess.ai.automation.testcases.TemplatesPageTest" name="validateTemplates" time="15.748"/>
  <system-out/>
  <testcase classname="com.axess.ai.automation.testcases.TemplatesPageTest" name="validateNetworkTemplate" time="110.585"/>
  <system-out/>
</testsuite> <!-- com.axess.ai.automation.testcases.TemplatesPageTest -->
