<?xml version="1.0" encoding="UTF-8"?>
<!-- Generated by org.testng.reporters.JUnitReportReporter -->
<testsuite hostname="DESKTOP-R70CA4D" failures="0" tests="11" name="com.axess.ai.automation.testcases.SystemUsersPageTest" time="100.538" errors="0" timestamp="2021-12-14T20:07:10 IST" skipped="0">
  <testcase classname="com.axess.ai.automation.testcases.SystemUsersPageTest" name="validateClickOnSystemUserModule" time="2.499"/>
  <system-out/>
  <testcase classname="com.axess.ai.automation.testcases.SystemUsersPageTest" name="validatePageUrl" time="0.020"/>
  <system-out/>
  <testcase classname="com.axess.ai.automation.testcases.SystemUsersPageTest" name="validatePageHeading" time="1.042"/>
  <system-out/>
  <testcase classname="com.axess.ai.automation.testcases.SystemUsersPageTest" name="validateadminexistingRoles" time="15.473"/>
  <system-out/>
  <testcase classname="com.axess.ai.automation.testcases.SystemUsersPageTest" name="validateAdministratorUser" time="3.171"/>
  <system-out/>
  <testcase classname="com.axess.ai.automation.testcases.SystemUsersPageTest" name="validateAPIKeys" time="2.219"/>
  <system-out/>
  <testcase classname="com.axess.ai.automation.testcases.SystemUsersPageTest" name="validateInstallationUser" time="5.166"/>
  <system-out/>
  <testcase classname="com.axess.ai.automation.testcases.SystemUsersPageTest" name="validateOrganizationUser" time="5.176"/>
  <system-out/>
  <testcase classname="com.axess.ai.automation.testcases.SystemUsersPageTest" name="validateAllUsers" time="5.203"/>
  <system-out/>
  <testcase classname="com.axess.ai.automation.testcases.SystemUsersPageTest" name="validateManageRoles" time="6.325"/>
  <system-out/>
  <testcase classname="com.axess.ai.automation.testcases.SystemUsersPageTest" name="validateAddNewUserAndDelete" time="54.244"/>
  <system-out/>
</testsuite> <!-- com.axess.ai.automation.testcases.SystemUsersPageTest -->
