<?xml version="1.0" encoding="UTF-8"?>
<!-- Generated by org.testng.reporters.JUnitReportReporter -->
<testsuite hostname="DESKTOP-R70CA4D" failures="0" tests="3" name="com.axess.ai.automation.testcases.AccessControlPageTest" time="7.608" errors="0" timestamp="2021-12-14T20:07:10 IST" skipped="0">
  <testcase classname="com.axess.ai.automation.testcases.AccessControlPageTest" name="validateClickOnSystemUserModule" time="3.504"/>
  <system-out/>
  <testcase classname="com.axess.ai.automation.testcases.AccessControlPageTest" name="validatePageUrl" time="2.020"/>
  <system-out/>
  <testcase classname="com.axess.ai.automation.testcases.AccessControlPageTest" name="validatePageHeading" time="2.084"/>
  <system-out/>
</testsuite> <!-- com.axess.ai.automation.testcases.AccessControlPageTest -->
