<?xml version="1.0" encoding="UTF-8"?>
<!-- Generated by org.testng.reporters.JUnitReportReporter -->
<testsuite hostname="DESKTOP-R70CA4D" failures="0" tests="3" name="com.axess.ai.automation.testcases.LocationPageTest" time="3.394" errors="0" timestamp="2021-12-14T20:07:10 IST" skipped="0">
  <testcase classname="com.axess.ai.automation.testcases.LocationPageTest" name="validateClickOnLocationModule" time="2.341"/>
  <system-out/>
  <testcase classname="com.axess.ai.automation.testcases.LocationPageTest" name="validateCurrentUrl" time="0.011"/>
  <system-out/>
  <testcase classname="com.axess.ai.automation.testcases.LocationPageTest" name="validatePageHeading" time="1.042"/>
  <system-out/>
</testsuite> <!-- com.axess.ai.automation.testcases.LocationPageTest -->
