<?xml version="1.0" encoding="UTF-8"?>
<!-- Generated by org.testng.reporters.JUnitReportReporter -->
<testsuite hostname="DESKTOP-R70CA4D" failures="0" tests="15" name="com.axess.ai.automation.testcases.DashboardPageTest" time="30.828" errors="0" timestamp="2021-12-14T20:07:10 IST" skipped="0">
  <testcase classname="com.axess.ai.automation.testcases.DashboardPageTest" name="validatePageTitle" time="2.406"/>
  <system-out/>
  <testcase classname="com.axess.ai.automation.testcases.DashboardPageTest" name="validatePageUrl" time="2.044"/>
  <system-out/>
  <testcase classname="com.axess.ai.automation.testcases.DashboardPageTest" name="validateMapModule" time="1.100"/>
  <system-out/>
  <testcase classname="com.axess.ai.automation.testcases.DashboardPageTest" name="validateRuleEngineModule" time="3.079"/>
  <system-out/>
  <testcase classname="com.axess.ai.automation.testcases.DashboardPageTest" name="validateSystemUserModule" time="3.086"/>
  <system-out/>
  <testcase classname="com.axess.ai.automation.testcases.DashboardPageTest" name="validateDeviceAndModule" time="3.083"/>
  <system-out/>
  <testcase classname="com.axess.ai.automation.testcases.DashboardPageTest" name="validateSiteSettingModule" time="1.087"/>
  <system-out/>
  <testcase classname="com.axess.ai.automation.testcases.DashboardPageTest" name="validateHelpAndFeedbackModule" time="1.088"/>
  <system-out/>
  <testcase classname="com.axess.ai.automation.testcases.DashboardPageTest" name="validateAccessManagerModule" time="1.107"/>
  <system-out/>
  <testcase classname="com.axess.ai.automation.testcases.DashboardPageTest" name="validateLocationModule" time="3.083"/>
  <system-out/>
  <testcase classname="com.axess.ai.automation.testcases.DashboardPageTest" name="validatePageHeading" time="2.081"/>
  <system-out/>
  <testcase classname="com.axess.ai.automation.testcases.DashboardPageTest" name="validateReportAndAnalyticsModule" time="1.088"/>
  <system-out/>
  <testcase classname="com.axess.ai.automation.testcases.DashboardPageTest" name="validateRootLocation" time="3.170"/>
  <system-out/>
  <testcase classname="com.axess.ai.automation.testcases.DashboardPageTest" name="validateLogoutdropdown" time="1.166"/>
  <system-out/>
  <testcase classname="com.axess.ai.automation.testcases.DashboardPageTest" name="validateLogoutLink" time="2.160"/>
  <system-out/>
</testsuite> <!-- com.axess.ai.automation.testcases.DashboardPageTest -->
