<?xml version="1.0" encoding="UTF-8"?>
<!-- Generated by org.testng.reporters.JUnitReportReporter -->
<testsuite hostname="DESKTOP-R70CA4D" failures="0" tests="3" name="com.axess.ai.automation.testcases.EntitiesPageTest" time="17.328" errors="0" timestamp="2021-12-14T20:07:10 IST" skipped="0">
  <testcase classname="com.axess.ai.automation.testcases.EntitiesPageTest" name="validateEntities" time="15.245"/>
  <system-out/>
  <testcase classname="com.axess.ai.automation.testcases.EntitiesPageTest" name="validateCurrentUrl" time="1.025"/>
  <system-out/>
  <testcase classname="com.axess.ai.automation.testcases.EntitiesPageTest" name="validatePageHeading" time="1.058"/>
  <system-out/>
</testsuite> <!-- com.axess.ai.automation.testcases.EntitiesPageTest -->
