<?xml version="1.0" encoding="UTF-8"?>
<!-- Generated by org.testng.reporters.JUnitReportReporter -->
<testsuite hostname="LAPTOP-T1I92P3T" failures="0" tests="4" name="com.axess.ai.automation.testcases.LoginPageTest" time="9.516" errors="0" timestamp="2022-07-11T13:32:11 IST" skipped="0">
  <testcase classname="com.axess.ai.automation.testcases.LoginPageTest" name="validateUrl" time="0.050"/>
  <system-out/>
  <testcase classname="com.axess.ai.automation.testcases.LoginPageTest" name="loginwithcredentials" time="4.315"/>
  <system-out/>
  <testcase classname="com.axess.ai.automation.testcases.LoginPageTest" name="validateclickOnLogin" time="5.134"/>
  <system-out/>
  <testcase classname="com.axess.ai.automation.testcases.LoginPageTest" name="validateTitle" time="0.017"/>
  <system-out/>
</testsuite> <!-- com.axess.ai.automation.testcases.LoginPageTest -->
