<?xml version="1.0" encoding="UTF-8"?>
<!-- Generated by org.testng.reporters.JUnitReportReporter -->
<testsuite hostname="DESKTOP-R70CA4D" failures="0" tests="1" name="com.axcess.ai.Newpage" time="0.010" errors="0" timestamp="2021-10-04T14:29:15 IST" skipped="0">
  <testcase classname="com.axcess.ai.Newpage" name="New" time="0.010"/>
  <system-out/>
</testsuite> <!-- com.axcess.ai.Newpage -->
