<?xml version="1.0" encoding="UTF-8"?>
<!-- Generated by org.testng.reporters.JUnitReportReporter -->
<testsuite hostname="DESKTOP-R70CA4D" failures="0" tests="4" name="com.axess.ai.automation.testcases.LoginPageTest" time="4.572" errors="0" timestamp="2021-12-14T20:07:10 IST" skipped="0">
  <testcase classname="com.axess.ai.automation.testcases.LoginPageTest" name="validateUrl" time="0.091"/>
  <system-out/>
  <testcase classname="com.axess.ai.automation.testcases.LoginPageTest" name="loginwithcredentials" time="4.347"/>
  <system-out/>
  <testcase classname="com.axess.ai.automation.testcases.LoginPageTest" name="validateclickOnLogin" time="0.115"/>
  <system-out/>
  <testcase classname="com.axess.ai.automation.testcases.LoginPageTest" name="validateTitle" time="0.019"/>
  <system-out/>
</testsuite> <!-- com.axess.ai.automation.testcases.LoginPageTest -->
